[32m2026-07-18 21:45:33 -0600[0m - dagster - [34mDEBUG[0m - __ASSET_JOB - 284e87e9-e64c-4f9b-8674-cb0eaf56d5df - 34191 - LOGS_CAPTURED - Capturing logs for process (pid: 34191).
[32m2026-07-18 21:45:33 -0600[0m - dagster - [34mDEBUG[0m - __ASSET_JOB - 284e87e9-e64c-4f9b-8674-cb0eaf56d5df - 34191 - generate_personnel_data - STEP_START - Started execution of step "generate_personnel_data".
[32m2026-07-18 21:45:33 -0600[0m - dagster - [34mERROR[0m - [31m__ASSET_JOB - 284e87e9-e64c-4f9b-8674-cb0eaf56d5df - 34191 - generate_personnel_data - STEP_FAILURE - Execution of step "generate_personnel_data" failed.

dagster._core.errors.DagsterExecutionStepExecutionError: Error occurred while executing op "generate_personnel_data"::

OSError: Cannot save file into a non-existent directory: 'data/raw'

Stack Trace:
  File "/Users/babatunderahman/Documents/Data Analytics/Data Engineering/Dagster/Faker Project/faker-data-generation-project/.venv/lib/python3.10/site-packages/dagster/_core/execution/plan/utils.py", line 57, in op_execution_error_boundary
    yield
  File "/Users/babatunderahman/Documents/Data Analytics/Data Engineering/Dagster/Faker Project/faker-data-generation-project/.venv/lib/python3.10/site-packages/dagster/_utils/__init__.py", line 394, in iterate_with_context
    next_output = next(iterator)
  File "/Users/babatunderahman/Documents/Data Analytics/Data Engineering/Dagster/Faker Project/faker-data-generation-project/.venv/lib/python3.10/site-packages/dagster/_core/execution/plan/compute_generator.py", line 136, in _coerce_op_compute_fn_to_iterator
    result = invoke_compute_fn(
  File "/Users/babatunderahman/Documents/Data Analytics/Data Engineering/Dagster/Faker Project/faker-data-generation-project/.venv/lib/python3.10/site-packages/dagster/_core/execution/plan/compute_generator.py", line 116, in invoke_compute_fn
    return fn(context, **args_to_pass) if context_arg_provided else fn(**args_to_pass)
  File "/Users/babatunderahman/Documents/Data Analytics/Data Engineering/Dagster/Faker Project/faker-data-generation-project/src/faker_data_generation_project/defs/assets/data_extraction.py", line 24, in generate_personnel_data
    extracted_data = df.to_csv(constants.EXTRACTED_DATA_FILE_PATH, index=False)
  File "/Users/babatunderahman/Documents/Data Analytics/Data Engineering/Dagster/Faker Project/faker-data-generation-project/.venv/lib/python3.10/site-packages/pandas/util/_decorators.py", line 333, in wrapper
    return func(*args, **kwargs)
  File "/Users/babatunderahman/Documents/Data Analytics/Data Engineering/Dagster/Faker Project/faker-data-generation-project/.venv/lib/python3.10/site-packages/pandas/core/generic.py", line 3989, in to_csv
    return DataFrameRenderer(formatter).to_csv(
  File "/Users/babatunderahman/Documents/Data Analytics/Data Engineering/Dagster/Faker Project/faker-data-generation-project/.venv/lib/python3.10/site-packages/pandas/io/formats/format.py", line 1014, in to_csv
    csv_formatter.save()
  File "/Users/babatunderahman/Documents/Data Analytics/Data Engineering/Dagster/Faker Project/faker-data-generation-project/.venv/lib/python3.10/site-packages/pandas/io/formats/csvs.py", line 251, in save
    with get_handle(
  File "/Users/babatunderahman/Documents/Data Analytics/Data Engineering/Dagster/Faker Project/faker-data-generation-project/.venv/lib/python3.10/site-packages/pandas/io/common.py", line 749, in get_handle
    check_parent_directory(str(handle))
  File "/Users/babatunderahman/Documents/Data Analytics/Data Engineering/Dagster/Faker Project/faker-data-generation-project/.venv/lib/python3.10/site-packages/pandas/io/common.py", line 616, in check_parent_directory
    raise OSError(rf"Cannot save file into a non-existent directory: '{parent}'")
[0m
