[32m2026-07-19 17:32:23 -0600[0m - dagster - [34mDEBUG[0m - __ASSET_JOB - 075c080d-ed47-4975-94ed-f3df7fbef1ee - 87829 - LOGS_CAPTURED - Capturing logs for process (pid: 87829).
[32m2026-07-19 17:32:23 -0600[0m - dagster - [34mDEBUG[0m - __ASSET_JOB - 075c080d-ed47-4975-94ed-f3df7fbef1ee - 87829 - product_table - STEP_START - Started execution of step "product_table".
[32m2026-07-19 17:34:06 -0600[0m - dagster - [34mERROR[0m - [31m__ASSET_JOB - 075c080d-ed47-4975-94ed-f3df7fbef1ee - 87829 - product_table - STEP_FAILURE - Execution of step "product_table" failed.

dagster._core.errors.DagsterExecutionStepExecutionError: Error occurred while executing op "product_table"::

_duckdb.IOException: IO Error: The file "/Users/babatunderahman/Documents/Data Analytics/Data Engineering/Dagster/Faker Project/faker-data-generation-project/data/staging/data.duckdb" exists, but it is not a valid DuckDB database file!

Stack Trace:
  File "/Users/babatunderahman/Documents/Data Analytics/Data Engineering/Dagster/Faker Project/faker-data-generation-project/.venv/lib/python3.10/site-packages/dagster/_core/execution/plan/utils.py", line 57, in op_execution_error_boundary
    yield
  File "/Users/babatunderahman/Documents/Data Analytics/Data Engineering/Dagster/Faker Project/faker-data-generation-project/.venv/lib/python3.10/site-packages/dagster/_utils/__init__.py", line 394, in iterate_with_context
    next_output = next(iterator)
  File "/Users/babatunderahman/Documents/Data Analytics/Data Engineering/Dagster/Faker Project/faker-data-generation-project/.venv/lib/python3.10/site-packages/dagster/_core/execution/plan/compute_generator.py", line 136, in _coerce_op_compute_fn_to_iterator
    result = invoke_compute_fn(
  File "/Users/babatunderahman/Documents/Data Analytics/Data Engineering/Dagster/Faker Project/faker-data-generation-project/.venv/lib/python3.10/site-packages/dagster/_core/execution/plan/compute_generator.py", line 116, in invoke_compute_fn
    return fn(context, **args_to_pass) if context_arg_provided else fn(**args_to_pass)
  File "/Users/babatunderahman/Documents/Data Analytics/Data Engineering/Dagster/Faker Project/faker-data-generation-project/src/faker_data_generation_project/defs/assets/data_extraction.py", line 58, in product_table
    with database.get_connection() as conn:
  File "/Users/babatunderahman/.local/share/uv/python/cpython-3.10.17-macos-aarch64-none/lib/python3.10/contextlib.py", line 135, in __enter__
    return next(self.gen)
  File "/Users/babatunderahman/Documents/Data Analytics/Data Engineering/Dagster/Faker Project/faker-data-generation-project/.venv/lib/python3.10/site-packages/dagster_duckdb/resource.py", line 62, in get_connection
    conn = backoff(
  File "/Users/babatunderahman/Documents/Data Analytics/Data Engineering/Dagster/Faker Project/faker-data-generation-project/.venv/lib/python3.10/site-packages/dagster/_utils/backoff.py", line 74, in backoff
    raise to_raise
  File "/Users/babatunderahman/Documents/Data Analytics/Data Engineering/Dagster/Faker Project/faker-data-generation-project/.venv/lib/python3.10/site-packages/dagster/_utils/backoff.py", line 68, in backoff
    return fn(*args, **kwargs)
[0m
